<?xml version="1.0" encoding="UTF-8"?>
<!-- Generated by org.testng.reporters.JUnitReportReporter -->
<testsuite hostname="DESKTOP-7PPMDVL" failures="0" tests="1" name="salesforce.testcases.EditAccount" time="0.000" errors="0" timestamp="2021-06-29T19:19:46 IST" skipped="1">
  <testcase classname="salesforce.testcases.EditAccount" name="editAccount" time="0.000">
    <skipped/>
  </testcase> <!-- editAccount -->
  <system-out/>
</testsuite> <!-- salesforce.testcases.EditAccount -->
