<?xml version="1.0" encoding="UTF-8"?>
<!-- Generated by org.testng.reporters.JUnitReportReporter -->
<testsuite hostname="DESKTOP-7PPMDVL" failures="0" tests="1" name="salesforce.testcases.TC_AssessmentCase" time="76.272" errors="0" timestamp="2021-06-26T23:32:47 IST" skipped="0">
  <testcase classname="salesforce.testcases.TC_AssessmentCase" name="assessmentTestcase" time="76.272"/>
  <system-out/>
</testsuite> <!-- salesforce.testcases.TC_AssessmentCase -->
