<?xml version="1.0" encoding="UTF-8"?>
<!-- Generated by org.testng.reporters.JUnitReportReporter -->
<testsuite hostname="LAPTOP-4GCDTFLO" failures="0" tests="1" name="salesforce.testcases.DeleteAccount" time="40.988" errors="0" timestamp="2021-06-21T22:56:11 IST" skipped="0">
  <testcase classname="salesforce.testcases.DeleteAccount" name="deleteAccount" time="40.988"/>
  <system-out/>
</testsuite> <!-- salesforce.testcases.DeleteAccount -->
