<?xml version="1.0" encoding="UTF-8"?>
<!-- Generated by org.testng.reporters.JUnitReportReporter -->
<testsuite hostname="LAPTOP-4GCDTFLO" failures="0" tests="1" name="salesforce.testcases.SortingAccounts" time="46.029" errors="0" timestamp="2021-06-21T23:18:12 IST" skipped="0">
  <testcase classname="salesforce.testcases.SortingAccounts" name="sortAccounts" time="46.029"/>
  <system-out/>
</testsuite> <!-- salesforce.testcases.SortingAccounts -->
