<?xml version="1.0" encoding="UTF-8"?>
<!-- Generated by org.testng.reporters.JUnitReportReporter -->
<testsuite hostname="DESKTOP-7PPMDVL" failures="0" tests="1" name="salesforce.testcases.SalesforceLogin" time="35.704" errors="0" timestamp="2021-07-18T17:06:36 IST" skipped="0">
  <testcase classname="salesforce.testcases.SalesforceLogin" name="login" time="35.704"/>
  <system-out/>
</testsuite> <!-- salesforce.testcases.SalesforceLogin -->
