<?xml version="1.0" encoding="UTF-8"?>
<!-- Generated by org.testng.reporters.JUnitReportReporter -->
<testsuite hostname="DESKTOP-7PPMDVL" failures="0" tests="1" name="salesforce.testcases.EditAccount" time="91.930" errors="0" timestamp="2021-07-11T01:43:37 IST" skipped="0">
  <testcase classname="salesforce.testcases.EditAccount" name="editAccount" time="91.930"/>
  <system-out/>
</testsuite> <!-- salesforce.testcases.EditAccount -->
