<?xml version="1.0" encoding="UTF-8"?>
<!-- Generated by org.testng.reporters.JUnitReportReporter -->
<testsuite hostname="LAPTOP-4GCDTFLO" failures="0" tests="1" name="salesforce.testcases.AttachAndDeleteDocumentFromCampaign" time="66.373" errors="0" timestamp="2021-06-20T12:06:03 IST" skipped="0">
  <testcase classname="salesforce.testcases.AttachAndDeleteDocumentFromCampaign" name="uploadNDeleteDocsFromCampaign" time="66.373"/>
  <system-out/>
</testsuite> <!-- salesforce.testcases.AttachAndDeleteDocumentFromCampaign -->
