<?xml version="1.0" encoding="UTF-8"?>
<!-- Generated by org.testng.reporters.JUnitReportReporter -->
<testsuite hostname="DESKTOP-7PPMDVL" failures="0" tests="1" name="salesforce.testcases.TC_WorkoutSubscription" time="115.427" errors="0" timestamp="2021-06-26T23:09:13 IST" skipped="0">
  <testcase classname="salesforce.testcases.TC_WorkoutSubscription" name="createNewWorkoutSubscription" time="115.427"/>
  <system-out/>
</testsuite> <!-- salesforce.testcases.TC_WorkoutSubscription -->
