<?xml version="1.0" encoding="UTF-8"?>
<!-- Generated by org.testng.reporters.JUnitReportReporter -->
<testsuite hostname="LAPTOP-4GCDTFLO" failures="0" tests="1" name="salesforce.testcases.DeleteLeadFromCampaign" time="56.836" errors="0" timestamp="2021-06-20T12:06:03 IST" skipped="0">
  <testcase classname="salesforce.testcases.DeleteLeadFromCampaign" name="deleteLeadFromCampaign" time="56.836"/>
  <system-out/>
</testsuite> <!-- salesforce.testcases.DeleteLeadFromCampaign -->
