<?xml version="1.0" encoding="UTF-8"?>
<!-- Generated by org.testng.reporters.JUnitReportReporter -->
<testsuite hostname="LAPTOP-4GCDTFLO" failures="0" tests="1" name="salesforce.testcases.DeleteAccount" time="0.000" errors="0" timestamp="2021-06-19T16:54:39 IST" skipped="1">
  <testcase classname="salesforce.testcases.DeleteAccount" name="deleteAccount" time="0.000">
    <skipped/>
  </testcase> <!-- deleteAccount -->
  <system-out/>
</testsuite> <!-- salesforce.testcases.DeleteAccount -->
