<?xml version="1.0" encoding="UTF-8"?>
<!-- Generated by org.testng.reporters.JUnitReportReporter -->
<testsuite hostname="DESKTOP-7PPMDVL" failures="0" tests="1" name="salesforce.testcases.TC_AssessmentCase" time="96.100" errors="0" timestamp="2021-06-27T11:45:31 IST" skipped="0">
  <testcase classname="salesforce.testcases.TC_AssessmentCase" name="assessmentTestcase" time="96.100"/>
  <system-out/>
</testsuite> <!-- salesforce.testcases.TC_AssessmentCase -->
