<?xml version="1.0" encoding="UTF-8"?>
<!-- Generated by org.testng.reporters.JUnitReportReporter -->
<testsuite hostname="LAPTOP-7KB833QM" failures="0" tests="1" name="salesforce.testcases.EditAccount" time="52.533" errors="0" timestamp="2021-06-24T00:17:49 IST" skipped="0">
  <testcase classname="salesforce.testcases.EditAccount" name="editAccount" time="52.533"/>
  <system-out/>
</testsuite> <!-- salesforce.testcases.EditAccount -->
