<?xml version="1.0" encoding="UTF-8"?>
<!-- Generated by org.testng.reporters.JUnitReportReporter -->
<testsuite hostname="LAPTOP-4GCDTFLO" failures="0" tests="1" name="salesforce.testcases.EditWorkTypeGroup" time="48.183" errors="0" timestamp="2021-06-22T00:10:03 IST" skipped="0">
  <testcase classname="salesforce.testcases.EditWorkTypeGroup" name="editWorkTypeGroup" time="48.183"/>
  <system-out/>
</testsuite> <!-- salesforce.testcases.EditWorkTypeGroup -->
