<?xml version="1.0" encoding="UTF-8"?>
<!-- Generated by org.testng.reporters.JUnitReportReporter -->
<testsuite hostname="LAPTOP-4GCDTFLO" failures="0" tests="1" name="salesforce.testcases.WorkTypeGroupSortingByName" time="43.729" errors="0" timestamp="2021-06-19T17:31:14 IST" skipped="0">
  <testcase classname="salesforce.testcases.WorkTypeGroupSortingByName" name="sortWorkTypeGroup" time="43.729"/>
  <system-out/>
</testsuite> <!-- salesforce.testcases.WorkTypeGroupSortingByName -->
