<?xml version="1.0" encoding="UTF-8"?>
<!-- Generated by org.testng.reporters.JUnitReportReporter -->
<testsuite hostname="DESKTOP-7PPMDVL" failures="0" tests="1" name="salesforce.testcases.DeleteAccount" time="55.423" errors="0" timestamp="2021-06-29T19:19:45 IST" skipped="0">
  <testcase classname="salesforce.testcases.DeleteAccount" name="deleteAccount" time="55.423"/>
  <system-out/>
</testsuite> <!-- salesforce.testcases.DeleteAccount -->
