<?xml version="1.0" encoding="UTF-8"?>
<!-- Generated by org.testng.reporters.JUnitReportReporter -->
<testsuite hostname="DESKTOP-7PPMDVL" failures="0" tests="1" name="salesforce.testcases.CreateAccount" time="59.889" errors="0" timestamp="2021-06-29T19:19:46 IST" skipped="0">
  <testcase classname="salesforce.testcases.CreateAccount" name="createNewAccount" time="59.889"/>
  <system-out/>
</testsuite> <!-- salesforce.testcases.CreateAccount -->
